<?xml version="1.0" encoding="UTF-8"?>
<!-- Generated by org.testng.reporters.JUnitReportReporter -->
<testsuite skipped="0" hostname="ERSGHAIG" name="testingAndroid.AndroidTesting" tests="1" failures="0" timestamp="08 Mar 2019 15:39:46 GMT" time="85.988" errors="0">
  <testcase name="MobileTest1" time="85.988" classname="testingAndroid.AndroidTesting"/>
</testsuite> <!-- testingAndroid.AndroidTesting -->
